<?xml version="1.0" encoding="UTF-8"?>
<robot generator="Robot 4.1.2 (Python 3.9.2 on linux)" generated="20211129 17:03:00.094" rpa="false" schemaversion="2">
<suite id="s1" name="Tests" source="/home/luee/a.KURSSIT/ohtu/ohtu-minprojekti/src/tests">
<suite id="s1-s1" name="Robot" source="/home/luee/a.KURSSIT/ohtu/ohtu-minprojekti/src/tests/robot">
<suite id="s1-s1-s1" name="Home" source="/home/luee/a.KURSSIT/ohtu/ohtu-minprojekti/src/tests/robot/home.robot">
<kw name="Open And Configure Browser" library="resource" type="SETUP">
<kw name="Open Browser" library="SeleniumLibrary">
<arg>browser=${BROWSER}</arg>
<doc>Opens a new browser instance to the optional ``url``.</doc>
<msg timestamp="20211129 17:03:00.265" level="INFO">Opening browser 'chrome' to base url 'None'.</msg>
<status status="PASS" starttime="20211129 17:03:00.265" endtime="20211129 17:03:00.562"/>
</kw>
<kw name="Maximize Browser Window" library="SeleniumLibrary">
<doc>Maximizes current browser window.</doc>
<status status="PASS" starttime="20211129 17:03:00.563" endtime="20211129 17:03:00.672"/>
</kw>
<kw name="Set Selenium Speed" library="SeleniumLibrary">
<arg>${DELAY}</arg>
<doc>Sets the delay that is waited after each Selenium command.</doc>
<status status="PASS" starttime="20211129 17:03:00.672" endtime="20211129 17:03:00.674"/>
</kw>
<status status="PASS" starttime="20211129 17:03:00.264" endtime="20211129 17:03:00.675"/>
</kw>
<test id="s1-s1-s1-t1" name="Click Uusi Vinkki Link">
<kw name="Go To Main Page" library="resource" type="SETUP">
<kw name="Go To" library="SeleniumLibrary">
<arg>${HOME URL}</arg>
<doc>Navigates the current browser window to the provided ``url``.</doc>
<msg timestamp="20211129 17:03:00.679" level="INFO">Opening url 'http://localhost:5000'</msg>
<status status="PASS" starttime="20211129 17:03:00.678" endtime="20211129 17:03:01.227"/>
</kw>
<status status="PASS" starttime="20211129 17:03:00.677" endtime="20211129 17:03:01.228"/>
</kw>
<kw name="Click Link" library="SeleniumLibrary">
<arg>Uusi vinkki</arg>
<doc>Clicks a link identified by ``locator``.</doc>
<msg timestamp="20211129 17:03:01.230" level="INFO">Clicking link 'Uusi vinkki'.</msg>
<status status="PASS" starttime="20211129 17:03:01.229" endtime="20211129 17:03:02.900"/>
</kw>
<kw name="New Page Should Be Open" library="resource">
<kw name="Title Should Be" library="SeleniumLibrary">
<arg>Uusi lukuvinkki</arg>
<doc>Verifies that the current page title equals ``title``.</doc>
<msg timestamp="20211129 17:03:03.411" level="INFO">Page title is 'Uusi lukuvinkki'.</msg>
<status status="PASS" starttime="20211129 17:03:02.902" endtime="20211129 17:03:03.412"/>
</kw>
<status status="PASS" starttime="20211129 17:03:02.901" endtime="20211129 17:03:03.412"/>
</kw>
<status status="PASS" starttime="20211129 17:03:00.675" endtime="20211129 17:03:03.413"/>
</test>
<test id="s1-s1-s1-t2" name="Click Lista Link">
<kw name="Go To Main Page" library="resource" type="SETUP">
<kw name="Go To" library="SeleniumLibrary">
<arg>${HOME URL}</arg>
<doc>Navigates the current browser window to the provided ``url``.</doc>
<msg timestamp="20211129 17:03:03.417" level="INFO">Opening url 'http://localhost:5000'</msg>
<status status="PASS" starttime="20211129 17:03:03.417" endtime="20211129 17:03:03.942"/>
</kw>
<status status="PASS" starttime="20211129 17:03:03.416" endtime="20211129 17:03:03.943"/>
</kw>
<kw name="Click Link" library="SeleniumLibrary">
<arg>Lista</arg>
<doc>Clicks a link identified by ``locator``.</doc>
<msg timestamp="20211129 17:03:03.945" level="INFO">Clicking link 'Lista'.</msg>
<status status="PASS" starttime="20211129 17:03:03.944" endtime="20211129 17:03:05.516"/>
</kw>
<kw name="List Page Should Be Open" library="resource">
<kw name="Title Should Be" library="SeleniumLibrary">
<arg>Lukuvinkit</arg>
<doc>Verifies that the current page title equals ``title``.</doc>
<msg timestamp="20211129 17:03:06.031" level="INFO">Page title is 'Lukuvinkit'.</msg>
<status status="PASS" starttime="20211129 17:03:05.518" endtime="20211129 17:03:06.032"/>
</kw>
<status status="PASS" starttime="20211129 17:03:05.517" endtime="20211129 17:03:06.032"/>
</kw>
<status status="PASS" starttime="20211129 17:03:03.415" endtime="20211129 17:03:06.033"/>
</test>
<kw name="Close Browser" library="SeleniumLibrary" type="TEARDOWN">
<doc>Closes the current browser.</doc>
<status status="PASS" starttime="20211129 17:03:06.036" endtime="20211129 17:03:06.598"/>
</kw>
<status status="PASS" starttime="20211129 17:03:00.112" endtime="20211129 17:03:06.598"/>
</suite>
<status status="PASS" starttime="20211129 17:03:00.111" endtime="20211129 17:03:06.604"/>
</suite>
<status status="PASS" starttime="20211129 17:03:00.095" endtime="20211129 17:03:06.609"/>
</suite>
<statistics>
<total>
<stat pass="2" fail="0" skip="0">All Tests</stat>
</total>
<tag>
</tag>
<suite>
<stat pass="2" fail="0" skip="0" id="s1" name="Tests">Tests</stat>
<stat pass="2" fail="0" skip="0" id="s1-s1" name="Robot">Tests.Robot</stat>
<stat pass="2" fail="0" skip="0" id="s1-s1-s1" name="Home">Tests.Robot.Home</stat>
</suite>
</statistics>
<errors>
</errors>
</robot>
